<?xml version="1.0" encoding="UTF-8"?>
<!-- Generated by org.testng.reporters.JUnitReportReporter -->
<testsuite hostname="X1Carbon" failures="0" tests="3" name="runner.RunCuke" time="21.428" errors="0" timestamp="2023-11-29T21:06:41 IST" skipped="0">
  <testcase classname="runner.RunCuke" name="runScenario" time="6.112"/>
  <system-out/>
  <testcase classname="runner.RunCuke" name="runScenario" time="8.905"/>
  <system-out/>
  <testcase classname="runner.RunCuke" name="runScenario" time="6.411"/>
  <system-out/>
</testsuite> <!-- runner.RunCuke -->
