<?xml version="1.0" encoding="UTF-8"?>
<!-- Generated by org.testng.reporters.JUnitReportReporter -->
<testsuite hostname="X1Carbon" failures="0" tests="3" name="runner.RunCuke" time="20.779" errors="0" timestamp="2023-11-28T08:08:20 IST" skipped="0">
  <testcase classname="runner.RunCuke" name="runScenario" time="8.186"/>
  <system-out/>
  <testcase classname="runner.RunCuke" name="runScenario" time="6.199"/>
  <system-out/>
  <testcase classname="runner.RunCuke" name="runScenario" time="6.394"/>
  <system-out/>
</testsuite> <!-- runner.RunCuke -->
