<?xml version="1.0" encoding="UTF-8"?>
<!-- Generated by org.testng.reporters.JUnitReportReporter -->
<testsuite hostname="X1Carbon" failures="0" tests="3" name="runner.RunCuke" time="20.448" errors="0" timestamp="2023-11-28T08:29:52 IST" skipped="0">
  <testcase classname="runner.RunCuke" name="runScenario" time="6.204"/>
  <system-out/>
  <testcase classname="runner.RunCuke" name="runScenario" time="7.678"/>
  <system-out/>
  <testcase classname="runner.RunCuke" name="runScenario" time="6.566"/>
  <system-out/>
</testsuite> <!-- runner.RunCuke -->
