<?xml version="1.0" encoding="UTF-8"?>
<!-- Generated by org.testng.reporters.JUnitReportReporter -->
<testsuite hostname="X1Carbon" failures="0" tests="3" name="runner.RunCuke" time="22.245" errors="0" timestamp="2023-11-29T23:57:31 IST" skipped="0">
  <testcase classname="runner.RunCuke" name="runScenario" time="6.434"/>
  <system-out/>
  <testcase classname="runner.RunCuke" name="runScenario" time="8.404"/>
  <system-out/>
  <testcase classname="runner.RunCuke" name="runScenario" time="7.407"/>
  <system-out/>
</testsuite> <!-- runner.RunCuke -->
