<?xml version="1.0" encoding="UTF-8"?>
<!-- Generated by org.testng.reporters.JUnitReportReporter -->
<testsuite hostname="X1Carbon" failures="0" tests="3" name="runner.RunCuke" time="20.755" errors="0" timestamp="2023-11-30T09:48:39 IST" skipped="0">
  <testcase classname="runner.RunCuke" name="runScenario" time="6.435"/>
  <system-out/>
  <testcase classname="runner.RunCuke" name="runScenario" time="6.376"/>
  <system-out/>
  <testcase classname="runner.RunCuke" name="runScenario" time="7.944"/>
  <system-out/>
</testsuite> <!-- runner.RunCuke -->
